  Snake.cpp
D:\source\repos\Snake\Snake\Snake.cpp(198,23): warning C4018: '<': signed/unsigned mismatch
D:\source\repos\Snake\Snake\Snake.cpp(235,23): warning C4018: '<': signed/unsigned mismatch
D:\source\repos\Snake\Snake\Snake.cpp(251,27): warning C4018: '<': signed/unsigned mismatch
D:\source\repos\Snake\Snake\Snake.cpp(297,19): warning C4244: 'argument': conversion from 'time_t' to 'unsigned int', possible loss of data
D:\source\repos\Snake\Snake\Snake.cpp(301,27): warning C4018: '<': signed/unsigned mismatch
D:\source\repos\Snake\Snake\Snake.cpp(327,15): warning C4244: 'argument': conversion from 'time_t' to 'unsigned int', possible loss of data
D:\source\repos\Snake\Snake\Snake.cpp(331,27): warning C4018: '<': signed/unsigned mismatch
D:\source\repos\Snake\Snake\Snake.cpp(342,35): warning C4018: '<': signed/unsigned mismatch
D:\source\repos\Snake\Snake\Snake.cpp(353,35): warning C4018: '<': signed/unsigned mismatch
D:\source\repos\Snake\Snake\Snake.cpp(394,35): warning C4018: '<': signed/unsigned mismatch
D:\source\repos\Snake\Snake\Snake.cpp(405,35): warning C4018: '<': signed/unsigned mismatch
D:\source\repos\Snake\Snake\Snake.cpp(436,23): warning C4018: '<': signed/unsigned mismatch
D:\source\repos\Snake\Snake\Snake.cpp(453,19): warning C4018: '<': signed/unsigned mismatch
D:\source\repos\Snake\Snake\Snake.cpp(472,23): warning C4018: '<': signed/unsigned mismatch
  Generating code
  2 of 144 functions ( 1.4%) were compiled, the rest were copied from previous compilation.
    0 functions were new in current compilation
    1 functions had inline decision re-evaluated but remain unchanged
  Finished generating code
  Snake.vcxproj -> D:\source\repos\Snake\Release\Snake.exe
